app/build/intermediates/manifest_merge_blame_file/release/manifest-merger-blame-release-report.txt
1<?xml version="1.0" encoding="utf-8"?>
2<manifest xmlns:android="http://schemas.android.com/apk/res/android"
3    package="com.example.loginapp"
4    android:versionCode="1"
5    android:versionName="1.0" >
6
7    <uses-sdk
8        android:minSdkVersion="24"
9        android:targetSdkVersion="34" />
10
11    <uses-permission android:name="android.permission.INTERNET" />
11-->src/main/AndroidManifest.xml:5:5-67
11-->src/main/AndroidManifest.xml:5:22-64
12    <uses-permission android:name="android.permission.CAMERA" />
12-->src/main/AndroidManifest.xml:6:5-65
12-->src/main/AndroidManifest.xml:6:22-62
13
14    <permission
14-->[androidx.core:core:1.12.0] AndroidManifest.xml:22:5-24:47
15        android:name="com.example.loginapp.DYNAMIC_RECEIVER_NOT_EXPORTED_PERMISSION"
15-->[androidx.core:core:1.12.0] AndroidManifest.xml:23:9-81
16        android:protectionLevel="signature" />
16-->[androidx.core:core:1.12.0] AndroidManifest.xml:24:9-44
17
18    <uses-permission android:name="com.example.loginapp.DYNAMIC_RECEIVER_NOT_EXPORTED_PERMISSION" /> <!-- Don't require camera, as this requires a rear camera. This allows it to work on the Nexus 7 -->
18-->[androidx.core:core:1.12.0] AndroidManifest.xml:26:5-97
18-->[androidx.core:core:1.12.0] AndroidManifest.xml:26:22-94
19    <uses-feature
19-->[com.journeyapps:zxing-android-embedded:4.3.0] AndroidManifest.xml:25:5-27:36
20        android:name="android.hardware.camera"
20-->[com.journeyapps:zxing-android-embedded:4.3.0] AndroidManifest.xml:26:9-47
21        android:required="false" />
21-->[com.journeyapps:zxing-android-embedded:4.3.0] AndroidManifest.xml:27:9-33
22    <uses-feature
22-->[com.journeyapps:zxing-android-embedded:4.3.0] AndroidManifest.xml:28:5-30:36
23        android:name="android.hardware.camera.front"
23-->[com.journeyapps:zxing-android-embedded:4.3.0] AndroidManifest.xml:29:9-53
24        android:required="false" /> <!-- TODO replace above two with next line after Android 4.2 -->
24-->[com.journeyapps:zxing-android-embedded:4.3.0] AndroidManifest.xml:30:9-33
25    <!-- <uses-feature android:name="android.hardware.camera.any"/> -->
26    <uses-feature
26-->[com.journeyapps:zxing-android-embedded:4.3.0] AndroidManifest.xml:33:5-35:36
27        android:name="android.hardware.camera.autofocus"
27-->[com.journeyapps:zxing-android-embedded:4.3.0] AndroidManifest.xml:34:9-57
28        android:required="false" />
28-->[com.journeyapps:zxing-android-embedded:4.3.0] AndroidManifest.xml:35:9-33
29    <uses-feature
29-->[com.journeyapps:zxing-android-embedded:4.3.0] AndroidManifest.xml:36:5-38:36
30        android:name="android.hardware.camera.flash"
30-->[com.journeyapps:zxing-android-embedded:4.3.0] AndroidManifest.xml:37:9-53
31        android:required="false" />
31-->[com.journeyapps:zxing-android-embedded:4.3.0] AndroidManifest.xml:38:9-33
32    <uses-feature
32-->[com.journeyapps:zxing-android-embedded:4.3.0] AndroidManifest.xml:39:5-41:36
33        android:name="android.hardware.screen.landscape"
33-->[com.journeyapps:zxing-android-embedded:4.3.0] AndroidManifest.xml:40:9-57
34        android:required="false" />
34-->[com.journeyapps:zxing-android-embedded:4.3.0] AndroidManifest.xml:41:9-33
35    <uses-feature
35-->[com.journeyapps:zxing-android-embedded:4.3.0] AndroidManifest.xml:42:5-44:36
36        android:name="android.hardware.wifi"
36-->[com.journeyapps:zxing-android-embedded:4.3.0] AndroidManifest.xml:43:9-45
37        android:required="false" />
37-->[com.journeyapps:zxing-android-embedded:4.3.0] AndroidManifest.xml:44:9-33
38
39    <application
39-->src/main/AndroidManifest.xml:8:5-45:19
40        android:allowBackup="true"
40-->src/main/AndroidManifest.xml:9:9-35
41        android:appComponentFactory="androidx.core.app.CoreComponentFactory"
41-->[androidx.core:core:1.12.0] AndroidManifest.xml:28:18-86
42        android:extractNativeLibs="false"
43        android:icon="@mipmap/ic_launcher"
43-->src/main/AndroidManifest.xml:10:9-43
44        android:label="Nexoplus"
44-->src/main/AndroidManifest.xml:11:9-33
45        android:networkSecurityConfig="@xml/network_security_config"
45-->src/main/AndroidManifest.xml:15:9-69
46        android:roundIcon="@mipmap/ic_launcher_round"
46-->src/main/AndroidManifest.xml:12:9-54
47        android:supportsRtl="true"
47-->src/main/AndroidManifest.xml:13:9-35
48        android:theme="@style/Theme.LoginApp" >
48-->src/main/AndroidManifest.xml:14:9-46
49        <activity android:name="com.example.loginapp.HomeActivity" />
49-->src/main/AndroidManifest.xml:16:9-50
49-->src/main/AndroidManifest.xml:16:19-47
50        <activity
50-->src/main/AndroidManifest.xml:17:9-23:20
51            android:name="com.example.loginapp.MainActivity"
51-->src/main/AndroidManifest.xml:17:19-47
52            android:exported="true" >
52-->src/main/AndroidManifest.xml:18:13-36
53            <intent-filter>
53-->src/main/AndroidManifest.xml:19:13-22:29
54                <action android:name="android.intent.action.MAIN" />
54-->src/main/AndroidManifest.xml:20:17-69
54-->src/main/AndroidManifest.xml:20:25-66
55
56                <category android:name="android.intent.category.LAUNCHER" />
56-->src/main/AndroidManifest.xml:21:17-77
56-->src/main/AndroidManifest.xml:21:27-74
57            </intent-filter>
58        </activity>
59        <activity
59-->src/main/AndroidManifest.xml:24:9-26:72
60            android:name="com.example.loginapp.PortraitCaptureActivity"
60-->src/main/AndroidManifest.xml:24:19-58
61            android:screenOrientation="portrait"
61-->src/main/AndroidManifest.xml:25:13-49
62            android:theme="@style/Theme.AppCompat.Light.NoActionBar" />
62-->src/main/AndroidManifest.xml:26:13-69
63        <activity android:name="com.example.loginapp.MenuActivity" />
63-->src/main/AndroidManifest.xml:27:9-50
63-->src/main/AndroidManifest.xml:27:19-47
64        <activity android:name="com.example.loginapp.UsersActivity" />
64-->src/main/AndroidManifest.xml:28:9-51
64-->src/main/AndroidManifest.xml:28:19-48
65        <activity android:name="com.example.loginapp.BarrierControlActivity" />
65-->src/main/AndroidManifest.xml:29:9-60
65-->src/main/AndroidManifest.xml:29:19-57
66        <activity android:name="com.example.loginapp.LaneInfoActivity" />
66-->src/main/AndroidManifest.xml:30:9-54
66-->src/main/AndroidManifest.xml:30:19-51
67        <activity android:name="com.example.loginapp.ANPRDataActivity" />
67-->src/main/AndroidManifest.xml:31:9-54
67-->src/main/AndroidManifest.xml:31:19-51
68        <activity android:name="com.example.loginapp.ImagePreviewActivity" />
68-->src/main/AndroidManifest.xml:32:9-58
68-->src/main/AndroidManifest.xml:32:19-55
69        <activity android:name="com.example.loginapp.AnprUsersActivity" />
69-->src/main/AndroidManifest.xml:33:9-55
69-->src/main/AndroidManifest.xml:33:19-52
70        <activity android:name="com.example.loginapp.AccessLogsActivity" />
70-->src/main/AndroidManifest.xml:34:9-56
70-->src/main/AndroidManifest.xml:34:19-53
71        <activity android:name="com.example.loginapp.ReaderSettingsActivity" />
71-->src/main/AndroidManifest.xml:35:9-60
71-->src/main/AndroidManifest.xml:35:19-57
72
73        <provider
73-->src/main/AndroidManifest.xml:36:9-44:20
74            android:name="androidx.core.content.FileProvider"
74-->src/main/AndroidManifest.xml:37:13-62
75            android:authorities="com.example.loginapp.provider"
75-->src/main/AndroidManifest.xml:38:13-64
76            android:exported="false"
76-->src/main/AndroidManifest.xml:39:13-37
77            android:grantUriPermissions="true" >
77-->src/main/AndroidManifest.xml:40:13-47
78            <meta-data
78-->src/main/AndroidManifest.xml:41:13-43:54
79                android:name="android.support.FILE_PROVIDER_PATHS"
79-->src/main/AndroidManifest.xml:42:17-67
80                android:resource="@xml/file_paths" />
80-->src/main/AndroidManifest.xml:43:17-51
81        </provider>
82        <provider
82-->[androidx.emoji2:emoji2:1.2.0] AndroidManifest.xml:24:9-32:20
83            android:name="androidx.startup.InitializationProvider"
83-->[androidx.emoji2:emoji2:1.2.0] AndroidManifest.xml:25:13-67
84            android:authorities="com.example.loginapp.androidx-startup"
84-->[androidx.emoji2:emoji2:1.2.0] AndroidManifest.xml:26:13-68
85            android:exported="false" >
85-->[androidx.emoji2:emoji2:1.2.0] AndroidManifest.xml:27:13-37
86            <meta-data
86-->[androidx.emoji2:emoji2:1.2.0] AndroidManifest.xml:29:13-31:52
87                android:name="androidx.emoji2.text.EmojiCompatInitializer"
87-->[androidx.emoji2:emoji2:1.2.0] AndroidManifest.xml:30:17-75
88                android:value="androidx.startup" />
88-->[androidx.emoji2:emoji2:1.2.0] AndroidManifest.xml:31:17-49
89            <meta-data
89-->[androidx.lifecycle:lifecycle-process:2.6.1] AndroidManifest.xml:29:13-31:52
90                android:name="androidx.lifecycle.ProcessLifecycleInitializer"
90-->[androidx.lifecycle:lifecycle-process:2.6.1] AndroidManifest.xml:30:17-78
91                android:value="androidx.startup" />
91-->[androidx.lifecycle:lifecycle-process:2.6.1] AndroidManifest.xml:31:17-49
92            <meta-data
92-->[androidx.profileinstaller:profileinstaller:1.3.0] AndroidManifest.xml:29:13-31:52
93                android:name="androidx.profileinstaller.ProfileInstallerInitializer"
93-->[androidx.profileinstaller:profileinstaller:1.3.0] AndroidManifest.xml:30:17-85
94                android:value="androidx.startup" />
94-->[androidx.profileinstaller:profileinstaller:1.3.0] AndroidManifest.xml:31:17-49
95        </provider>
96
97        <receiver
97-->[androidx.profileinstaller:profileinstaller:1.3.0] AndroidManifest.xml:34:9-52:20
98            android:name="androidx.profileinstaller.ProfileInstallReceiver"
98-->[androidx.profileinstaller:profileinstaller:1.3.0] AndroidManifest.xml:35:13-76
99            android:directBootAware="false"
99-->[androidx.profileinstaller:profileinstaller:1.3.0] AndroidManifest.xml:36:13-44
100            android:enabled="true"
100-->[androidx.profileinstaller:profileinstaller:1.3.0] AndroidManifest.xml:37:13-35
101            android:exported="true"
101-->[androidx.profileinstaller:profileinstaller:1.3.0] AndroidManifest.xml:38:13-36
102            android:permission="android.permission.DUMP" >
102-->[androidx.profileinstaller:profileinstaller:1.3.0] AndroidManifest.xml:39:13-57
103            <intent-filter>
103-->[androidx.profileinstaller:profileinstaller:1.3.0] AndroidManifest.xml:40:13-42:29
104                <action android:name="androidx.profileinstaller.action.INSTALL_PROFILE" />
104-->[androidx.profileinstaller:profileinstaller:1.3.0] AndroidManifest.xml:41:17-91
104-->[androidx.profileinstaller:profileinstaller:1.3.0] AndroidManifest.xml:41:25-88
105            </intent-filter>
106            <intent-filter>
106-->[androidx.profileinstaller:profileinstaller:1.3.0] AndroidManifest.xml:43:13-45:29
107                <action android:name="androidx.profileinstaller.action.SKIP_FILE" />
107-->[androidx.profileinstaller:profileinstaller:1.3.0] AndroidManifest.xml:44:17-85
107-->[androidx.profileinstaller:profileinstaller:1.3.0] AndroidManifest.xml:44:25-82
108            </intent-filter>
109            <intent-filter>
109-->[androidx.profileinstaller:profileinstaller:1.3.0] AndroidManifest.xml:46:13-48:29
110                <action android:name="androidx.profileinstaller.action.SAVE_PROFILE" />
110-->[androidx.profileinstaller:profileinstaller:1.3.0] AndroidManifest.xml:47:17-88
110-->[androidx.profileinstaller:profileinstaller:1.3.0] AndroidManifest.xml:47:25-85
111            </intent-filter>
112            <intent-filter>
112-->[androidx.profileinstaller:profileinstaller:1.3.0] AndroidManifest.xml:49:13-51:29
113                <action android:name="androidx.profileinstaller.action.BENCHMARK_OPERATION" />
113-->[androidx.profileinstaller:profileinstaller:1.3.0] AndroidManifest.xml:50:17-95
113-->[androidx.profileinstaller:profileinstaller:1.3.0] AndroidManifest.xml:50:25-92
114            </intent-filter>
115        </receiver>
116
117        <activity
117-->[com.journeyapps:zxing-android-embedded:4.3.0] AndroidManifest.xml:47:9-53:63
118            android:name="com.journeyapps.barcodescanner.CaptureActivity"
118-->[com.journeyapps:zxing-android-embedded:4.3.0] AndroidManifest.xml:48:13-74
119            android:clearTaskOnLaunch="true"
119-->[com.journeyapps:zxing-android-embedded:4.3.0] AndroidManifest.xml:49:13-45
120            android:screenOrientation="sensorLandscape"
120-->[com.journeyapps:zxing-android-embedded:4.3.0] AndroidManifest.xml:50:13-56
121            android:stateNotNeeded="true"
121-->[com.journeyapps:zxing-android-embedded:4.3.0] AndroidManifest.xml:51:13-42
122            android:theme="@style/zxing_CaptureTheme"
122-->[com.journeyapps:zxing-android-embedded:4.3.0] AndroidManifest.xml:52:13-54
123            android:windowSoftInputMode="stateAlwaysHidden" />
123-->[com.journeyapps:zxing-android-embedded:4.3.0] AndroidManifest.xml:53:13-60
124    </application>
125
126</manifest>